This file contains any messages produced by compilers while
running configure, to aid debugging if configure makes a mistake.

It was created by FESystem configure 1.0, which was
generated by GNU Autoconf 2.68.  Invocation command line was

  $ ./configure 

## --------- ##
## Platform. ##
## --------- ##

hostname = Air.local
uname -m = x86_64
uname -r = 13.0.0
uname -s = Darwin
uname -v = Darwin Kernel Version 13.0.0: Thu Sep 19 22:22:27 PDT 2013; root:xnu-2422.1.72~6/RELEASE_X86_64

/usr/bin/uname -p = i386
/bin/uname -X     = unknown

/bin/arch              = unknown
/usr/bin/arch -k       = unknown
/usr/convex/getsysinfo = unknown
/usr/bin/hostinfo      = Mach kernel version:
	 Darwin Kernel Version 13.0.0: Thu Sep 19 22:22:27 PDT 2013; root:xnu-2422.1.72~6/RELEASE_X86_64
Kernel configured for up to 8 processors.
4 processors are physically available.
8 processors are logically available.
Processor type: i486 (Intel 80486)
Processors active: 0 1 2 3 4 5 6 7
Primary memory available: 8.00 gigabytes
Default processor set: 174 tasks, 648 threads, 8 processors
Load average: 0.65, Mach factor: 7.34
/bin/machine           = unknown
/usr/bin/oslevel       = unknown
/bin/universe          = unknown

PATH: /usr/bin
PATH: /bin
PATH: /usr/sbin
PATH: /sbin
PATH: /usr/local/bin
PATH: /opt/X11/bin
PATH: /usr/texbin
PATH: /opt/local/bin
PATH: /Users/manav/Documents/codes/MAST/MAST/build
PATH: /Users/manav/Documents/codes/numerical_lib/octave/install/bin


## ----------- ##
## Core tests. ##
## ----------- ##

configure:2326: result: 
configure:2328: result: -----------------   FESystem  ----------------- 
configure:2330: result: ----------------- configuration --------------- 
configure:2332: result: 
configure:2380: checking for a BSD-compatible install
configure:2448: result: /usr/bin/install -c
configure:2459: checking whether build environment is sane
configure:2509: result: yes
configure:2650: checking for a thread-safe mkdir -p
configure:2689: result: ./install-sh -c -d
configure:2702: checking for gawk
configure:2718: found /opt/local/bin/gawk
configure:2729: result: gawk
configure:2740: checking whether make sets $(MAKE)
configure:2762: result: yes
configure:2847: checking build system type
configure:2861: result: i686-apple-darwin13.0.0
configure:2881: checking host system type
configure:2894: result: i686-apple-darwin13.0.0
configure:2967: checking for gcc
configure:2983: found /usr/bin/gcc
configure:2994: result: gcc
configure:3223: checking for C compiler version
configure:3232: gcc --version >&5
Apple LLVM version 5.0 (clang-500.2.79) (based on LLVM 3.3svn)
Target: x86_64-apple-darwin13.0.0
Thread model: posix
Configured with: --prefix=/Applications/Xcode.app/Contents/Developer/usr --with-gxx-include-dir=/usr/include/c++/4.2.1
configure:3243: $? = 0
configure:3232: gcc -v >&5
Configured with: --prefix=/Applications/Xcode.app/Contents/Developer/usr --with-gxx-include-dir=/usr/include/c++/4.2.1
Apple LLVM version 5.0 (clang-500.2.79) (based on LLVM 3.3svn)
Target: x86_64-apple-darwin13.0.0
Thread model: posix
configure:3243: $? = 0
configure:3232: gcc -V >&5
clang: error: argument to '-V' is missing (expected 1 value)
clang: error: no input files
configure:3243: $? = 1
configure:3232: gcc -qversion >&5
clang: error: no input files
configure:3243: $? = 1
configure:3263: checking whether the C compiler works
configure:3285: gcc    conftest.c  >&5
configure:3289: $? = 0
configure:3337: result: yes
configure:3340: checking for C compiler default output file name
configure:3342: result: a.out
configure:3348: checking for suffix of executables
configure:3355: gcc -o conftest    conftest.c  >&5
configure:3359: $? = 0
configure:3381: result: 
configure:3403: checking whether we are cross compiling
configure:3411: gcc -o conftest    conftest.c  >&5
configure:3415: $? = 0
configure:3422: ./conftest
configure:3426: $? = 0
configure:3441: result: no
configure:3446: checking for suffix of object files
configure:3468: gcc -c   conftest.c >&5
configure:3472: $? = 0
configure:3493: result: o
configure:3497: checking whether we are using the GNU C compiler
configure:3516: gcc -c   conftest.c >&5
configure:3516: $? = 0
configure:3525: result: yes
configure:3534: checking whether gcc accepts -g
configure:3554: gcc -c -g  conftest.c >&5
configure:3554: $? = 0
configure:3595: result: yes
configure:3612: checking for gcc option to accept ISO C89
configure:3676: gcc  -c -g -O2  conftest.c >&5
configure:3676: $? = 0
configure:3689: result: none needed
configure:3720: checking for style of include used by make
configure:3748: result: GNU
configure:3773: checking dependency style of gcc
configure:3883: result: gcc3
configure:3956: checking for g++
configure:3972: found /usr/bin/g++
configure:3983: result: g++
configure:4010: checking for C++ compiler version
configure:4019: g++ --version >&5
Apple LLVM version 5.0 (clang-500.2.79) (based on LLVM 3.3svn)
Target: x86_64-apple-darwin13.0.0
Thread model: posix
Configured with: --prefix=/Applications/Xcode.app/Contents/Developer/usr --with-gxx-include-dir=/usr/include/c++/4.2.1
configure:4030: $? = 0
configure:4019: g++ -v >&5
Configured with: --prefix=/Applications/Xcode.app/Contents/Developer/usr --with-gxx-include-dir=/usr/include/c++/4.2.1
Apple LLVM version 5.0 (clang-500.2.79) (based on LLVM 3.3svn)
Target: x86_64-apple-darwin13.0.0
Thread model: posix
configure:4030: $? = 0
configure:4019: g++ -V >&5
clang: error: argument to '-V' is missing (expected 1 value)
clang: error: no input files
configure:4030: $? = 1
configure:4019: g++ -qversion >&5
clang: error: no input files
configure:4030: $? = 1
configure:4034: checking whether we are using the GNU C++ compiler
configure:4053: g++ -c   conftest.cpp >&5
configure:4053: $? = 0
configure:4062: result: yes
configure:4071: checking whether g++ accepts -g
configure:4091: g++ -c -g  conftest.cpp >&5
configure:4091: $? = 0
configure:4132: result: yes
configure:4157: checking dependency style of g++
configure:4267: result: gcc3
configure:4328: checking how to print strings
configure:4355: result: printf
configure:4376: checking for a sed that does not truncate output
configure:4440: result: /usr/bin/sed
configure:4458: checking for grep that handles long lines and -e
configure:4516: result: /usr/bin/grep
configure:4521: checking for egrep
configure:4583: result: /usr/bin/grep -E
configure:4588: checking for fgrep
configure:4650: result: /usr/bin/grep -F
configure:4685: checking for ld used by gcc
configure:4752: result: /Applications/Xcode.app/Contents/Developer/Toolchains/XcodeDefault.xctoolchain/usr/bin/ld
configure:4759: checking if the linker (/Applications/Xcode.app/Contents/Developer/Toolchains/XcodeDefault.xctoolchain/usr/bin/ld) is GNU ld
configure:4774: result: no
configure:4786: checking for BSD- or MS-compatible name lister (nm)
configure:4835: result: /usr/bin/nm
configure:4965: checking the name lister (/usr/bin/nm) interface
configure:4972: gcc -c -g -O2  conftest.c >&5
configure:4975: /usr/bin/nm "conftest.o"
configure:4978: output
0000000000000218 S _some_variable
configure:4985: result: BSD nm
configure:4988: checking whether ln -s works
configure:4992: result: yes
configure:5000: checking the maximum length of command line arguments
configure:5125: result: 196608
configure:5142: checking whether the shell understands some XSI constructs
configure:5152: result: yes
configure:5156: checking whether the shell understands "+="
configure:5162: result: yes
configure:5197: checking how to convert i686-apple-darwin13.0.0 file names to i686-apple-darwin13.0.0 format
configure:5237: result: func_convert_file_noop
configure:5244: checking how to convert i686-apple-darwin13.0.0 file names to toolchain format
configure:5264: result: func_convert_file_noop
configure:5271: checking for /Applications/Xcode.app/Contents/Developer/Toolchains/XcodeDefault.xctoolchain/usr/bin/ld option to reload object files
configure:5278: result: -r
configure:5352: checking for objdump
configure:5382: result: no
configure:5411: checking how to recognize dependent libraries
configure:5613: result: pass_all
configure:5698: checking for dlltool
configure:5728: result: no
configure:5758: checking how to associate runtime and link libraries
configure:5785: result: printf %s\n
configure:5846: checking for ar
configure:5862: found /usr/bin/ar
configure:5873: result: ar
configure:5910: checking for archiver @FILE support
configure:5927: gcc -c -g -O2  conftest.c >&5
configure:5927: $? = 0
configure:5930: ar cru libconftest.a @conftest.lst >&5
ar: @conftest.lst: No such file or directory
configure:5933: $? = 1
configure:5953: result: no
configure:6011: checking for strip
configure:6027: found /usr/bin/strip
configure:6038: result: strip
configure:6110: checking for ranlib
configure:6126: found /usr/bin/ranlib
configure:6137: result: ranlib
configure:6239: checking command to parse /usr/bin/nm output from gcc object
configure:6358: gcc -c -g -O2  conftest.c >&5
configure:6361: $? = 0
configure:6365: /usr/bin/nm conftest.o \| sed -n -e 's/^.*[ ]\([BCDEGRST][BCDEGRST]*\)[ ][ ]*\([_A-Za-z][_A-Za-z0-9]*\)$/\1 \2 \2/p' | sed '/ __gnu_lto/d' \> conftest.nm
configure:6368: $? = 0
cannot find nm_test_var in conftest.nm
configure:6358: gcc -c -g -O2  conftest.c >&5
configure:6361: $? = 0
configure:6365: /usr/bin/nm conftest.o \| sed -n -e 's/^.*[ ]\([BCDEGRST][BCDEGRST]*\)[ ][ ]*_\([_A-Za-z][_A-Za-z0-9]*\)$/\1 _\2 \2/p' | sed '/ __gnu_lto/d' \> conftest.nm
configure:6368: $? = 0
configure:6434: gcc -o conftest -g -O2   conftest.c conftstm.o >&5
configure:6437: $? = 0
configure:6475: result: ok
configure:6512: checking for sysroot
configure:6542: result: no
configure:6785: checking for mt
configure:6815: result: no
configure:6835: checking if : is a manifest tool
configure:6841: : '-?'
configure:6849: result: no
configure:6905: checking for dsymutil
configure:6921: found /usr/bin/dsymutil
configure:6932: result: dsymutil
configure:6997: checking for nmedit
configure:7013: found /usr/bin/nmedit
configure:7024: result: nmedit
configure:7089: checking for lipo
configure:7105: found /usr/bin/lipo
configure:7116: result: lipo
configure:7181: checking for otool
configure:7197: found /usr/bin/otool
configure:7208: result: otool
configure:7273: checking for otool64
configure:7303: result: no
configure:7348: checking for -single_module linker flag
gcc -g -O2  -o libconftest.dylib -dynamiclib -Wl,-single_module conftest.c
configure:7375: result: yes
configure:7377: checking for -exported_symbols_list linker flag
configure:7397: gcc -o conftest -g -O2   -Wl,-exported_symbols_list,conftest.sym conftest.c  >&5
configure:7397: $? = 0
configure:7407: result: yes
configure:7409: checking for -force_load linker flag
gcc -g -O2 -c -o conftest.o conftest.c
ar cru libconftest.a conftest.o
ranlib libconftest.a
gcc -g -O2  -o conftest conftest.c -Wl,-force_load,./libconftest.a
configure:7439: result: yes
configure:7481: checking how to run the C preprocessor
configure:7512: gcc -E  conftest.c
configure:7512: $? = 0
configure:7526: gcc -E  conftest.c
conftest.c:11:10: fatal error: 'ac_nonexistent.h' file not found
#include <ac_nonexistent.h>
         ^
1 error generated.
configure:7526: $? = 1
configure: failed program was:
| /* confdefs.h */
| #define PACKAGE_NAME "FESystem"
| #define PACKAGE_TARNAME "fesystem"
| #define PACKAGE_VERSION "1.0"
| #define PACKAGE_STRING "FESystem 1.0"
| #define PACKAGE_BUGREPORT "manav@u.washington.edu"
| #define PACKAGE_URL ""
| #define PACKAGE "fesystem"
| #define VERSION "1.0"
| /* end confdefs.h.  */
| #include <ac_nonexistent.h>
configure:7551: result: gcc -E
configure:7571: gcc -E  conftest.c
configure:7571: $? = 0
configure:7585: gcc -E  conftest.c
conftest.c:11:10: fatal error: 'ac_nonexistent.h' file not found
#include <ac_nonexistent.h>
         ^
1 error generated.
configure:7585: $? = 1
configure: failed program was:
| /* confdefs.h */
| #define PACKAGE_NAME "FESystem"
| #define PACKAGE_TARNAME "fesystem"
| #define PACKAGE_VERSION "1.0"
| #define PACKAGE_STRING "FESystem 1.0"
| #define PACKAGE_BUGREPORT "manav@u.washington.edu"
| #define PACKAGE_URL ""
| #define PACKAGE "fesystem"
| #define VERSION "1.0"
| /* end confdefs.h.  */
| #include <ac_nonexistent.h>
configure:7614: checking for ANSI C header files
configure:7634: gcc -c -g -O2  conftest.c >&5
configure:7634: $? = 0
configure:7707: gcc -o conftest -g -O2   conftest.c  >&5
configure:7707: $? = 0
configure:7707: ./conftest
configure:7707: $? = 0
configure:7718: result: yes
configure:7731: checking for sys/types.h
configure:7731: gcc -c -g -O2  conftest.c >&5
configure:7731: $? = 0
configure:7731: result: yes
configure:7731: checking for sys/stat.h
configure:7731: gcc -c -g -O2  conftest.c >&5
configure:7731: $? = 0
configure:7731: result: yes
configure:7731: checking for stdlib.h
configure:7731: gcc -c -g -O2  conftest.c >&5
configure:7731: $? = 0
configure:7731: result: yes
configure:7731: checking for string.h
configure:7731: gcc -c -g -O2  conftest.c >&5
configure:7731: $? = 0
configure:7731: result: yes
configure:7731: checking for memory.h
configure:7731: gcc -c -g -O2  conftest.c >&5
configure:7731: $? = 0
configure:7731: result: yes
configure:7731: checking for strings.h
configure:7731: gcc -c -g -O2  conftest.c >&5
configure:7731: $? = 0
configure:7731: result: yes
configure:7731: checking for inttypes.h
configure:7731: gcc -c -g -O2  conftest.c >&5
configure:7731: $? = 0
configure:7731: result: yes
configure:7731: checking for stdint.h
configure:7731: gcc -c -g -O2  conftest.c >&5
configure:7731: $? = 0
configure:7731: result: yes
configure:7731: checking for unistd.h
configure:7731: gcc -c -g -O2  conftest.c >&5
configure:7731: $? = 0
configure:7731: result: yes
configure:7745: checking for dlfcn.h
configure:7745: gcc -c -g -O2  conftest.c >&5
configure:7745: $? = 0
configure:7745: result: yes
configure:7943: checking for objdir
configure:7958: result: .libs
configure:8225: checking if gcc supports -fno-rtti -fno-exceptions
configure:8243: gcc -c -g -O2  -fno-rtti -fno-exceptions conftest.c >&5
configure:8247: $? = 0
configure:8260: result: yes
configure:8570: checking for gcc option to produce PIC
configure:8577: result: -fno-common -DPIC
configure:8585: checking if gcc PIC flag -fno-common -DPIC works
configure:8603: gcc -c -g -O2  -fno-common -DPIC -DPIC conftest.c >&5
configure:8607: $? = 0
configure:8620: result: yes
configure:8649: checking if gcc static flag -static works
configure:8677: result: no
configure:8692: checking if gcc supports -c -o file.o
configure:8713: gcc -c -g -O2  -o out/conftest2.o conftest.c >&5
configure:8717: $? = 0
configure:8739: result: yes
configure:8747: checking if gcc supports -c -o file.o
configure:8794: result: yes
configure:8827: checking whether the gcc linker (/Applications/Xcode.app/Contents/Developer/Toolchains/XcodeDefault.xctoolchain/usr/bin/ld) supports shared libraries
configure:9985: result: yes
configure:10230: checking dynamic linker characteristics
configure:10966: result: darwin13.0.0 dyld
configure:11073: checking how to hardcode library paths into programs
configure:11098: result: immediate
configure:11638: checking whether stripping libraries is possible
configure:11652: result: yes
configure:11678: checking if libtool supports shared libraries
configure:11680: result: yes
configure:11683: checking whether to build shared libraries
configure:11704: result: yes
configure:11707: checking whether to build static libraries
configure:11711: result: yes
configure:11734: checking how to run the C++ preprocessor
configure:11761: g++ -E  conftest.cpp
configure:11761: $? = 0
configure:11775: g++ -E  conftest.cpp
conftest.cpp:23:10: fatal error: 'ac_nonexistent.h' file not found
#include <ac_nonexistent.h>
         ^
1 error generated.
configure:11775: $? = 1
configure: failed program was:
| /* confdefs.h */
| #define PACKAGE_NAME "FESystem"
| #define PACKAGE_TARNAME "fesystem"
| #define PACKAGE_VERSION "1.0"
| #define PACKAGE_STRING "FESystem 1.0"
| #define PACKAGE_BUGREPORT "manav@u.washington.edu"
| #define PACKAGE_URL ""
| #define PACKAGE "fesystem"
| #define VERSION "1.0"
| #define STDC_HEADERS 1
| #define HAVE_SYS_TYPES_H 1
| #define HAVE_SYS_STAT_H 1
| #define HAVE_STDLIB_H 1
| #define HAVE_STRING_H 1
| #define HAVE_MEMORY_H 1
| #define HAVE_STRINGS_H 1
| #define HAVE_INTTYPES_H 1
| #define HAVE_STDINT_H 1
| #define HAVE_UNISTD_H 1
| #define HAVE_DLFCN_H 1
| #define LT_OBJDIR ".libs/"
| /* end confdefs.h.  */
| #include <ac_nonexistent.h>
configure:11800: result: g++ -E
configure:11820: g++ -E  conftest.cpp
configure:11820: $? = 0
configure:11834: g++ -E  conftest.cpp
conftest.cpp:23:10: fatal error: 'ac_nonexistent.h' file not found
#include <ac_nonexistent.h>
         ^
1 error generated.
configure:11834: $? = 1
configure: failed program was:
| /* confdefs.h */
| #define PACKAGE_NAME "FESystem"
| #define PACKAGE_TARNAME "fesystem"
| #define PACKAGE_VERSION "1.0"
| #define PACKAGE_STRING "FESystem 1.0"
| #define PACKAGE_BUGREPORT "manav@u.washington.edu"
| #define PACKAGE_URL ""
| #define PACKAGE "fesystem"
| #define VERSION "1.0"
| #define STDC_HEADERS 1
| #define HAVE_SYS_TYPES_H 1
| #define HAVE_SYS_STAT_H 1
| #define HAVE_STDLIB_H 1
| #define HAVE_STRING_H 1
| #define HAVE_MEMORY_H 1
| #define HAVE_STRINGS_H 1
| #define HAVE_INTTYPES_H 1
| #define HAVE_STDINT_H 1
| #define HAVE_UNISTD_H 1
| #define HAVE_DLFCN_H 1
| #define LT_OBJDIR ".libs/"
| /* end confdefs.h.  */
| #include <ac_nonexistent.h>
configure:12004: checking for ld used by g++
configure:12071: result: /Applications/Xcode.app/Contents/Developer/Toolchains/XcodeDefault.xctoolchain/usr/bin/ld
configure:12078: checking if the linker (/Applications/Xcode.app/Contents/Developer/Toolchains/XcodeDefault.xctoolchain/usr/bin/ld) is GNU ld
configure:12093: result: no
configure:12148: checking whether the g++ linker (/Applications/Xcode.app/Contents/Developer/Toolchains/XcodeDefault.xctoolchain/usr/bin/ld) supports shared libraries
configure:13152: result: yes
configure:13187: g++ -c -g -O2  conftest.cpp >&5
configure:13190: $? = 0
configure:13710: checking for g++ option to produce PIC
configure:13717: result: -fno-common -DPIC
configure:13725: checking if g++ PIC flag -fno-common -DPIC works
configure:13743: g++ -c -g -O2  -fno-common -DPIC -DPIC conftest.cpp >&5
configure:13747: $? = 0
configure:13760: result: yes
configure:13783: checking if g++ static flag -static works
configure:13811: result: no
configure:13823: checking if g++ supports -c -o file.o
configure:13844: g++ -c -g -O2  -o out/conftest2.o conftest.cpp >&5
configure:13848: $? = 0
configure:13870: result: yes
configure:13875: checking if g++ supports -c -o file.o
configure:13922: result: yes
configure:13952: checking whether the g++ linker (/Applications/Xcode.app/Contents/Developer/Toolchains/XcodeDefault.xctoolchain/usr/bin/ld) supports shared libraries
configure:13986: result: yes
configure:14129: checking dynamic linker characteristics
configure:14799: result: darwin13.0.0 dyld
configure:14852: checking how to hardcode library paths into programs
configure:14877: result: immediate
configure:15042: checking for Fortran compiler version
configure:15051: gfortran-mp-4.8 --version >&5
GNU Fortran (MacPorts gcc48 4.8.1_3) 4.8.1
Copyright (C) 2013 Free Software Foundation, Inc.

GNU Fortran comes with NO WARRANTY, to the extent permitted by law.
You may redistribute copies of GNU Fortran
under the terms of the GNU General Public License.
For more information about these matters, see the file named COPYING

configure:15062: $? = 0
configure:15051: gfortran-mp-4.8 -v >&5
Using built-in specs.
COLLECT_GCC=gfortran-mp-4.8
COLLECT_LTO_WRAPPER=/opt/local/libexec/gcc/x86_64-apple-darwin13/4.8.1/lto-wrapper
Target: x86_64-apple-darwin13
Configured with: /opt/local/var/macports/build/_opt_local_var_macports_sources_rsync.macports.org_release_tarballs_ports_lang_gcc48/gcc48/work/gcc-4.8.1/configure --prefix=/opt/local --build=x86_64-apple-darwin13 --enable-languages=c,c++,objc,obj-c++,lto,fortran,java --libdir=/opt/local/lib/gcc48 --includedir=/opt/local/include/gcc48 --infodir=/opt/local/share/info --mandir=/opt/local/share/man --datarootdir=/opt/local/share/gcc-4.8 --with-local-prefix=/opt/local --with-system-zlib --disable-nls --program-suffix=-mp-4.8 --with-gxx-include-dir=/opt/local/include/gcc48/c++/ --with-gmp=/opt/local --with-mpfr=/opt/local --with-mpc=/opt/local --with-cloog=/opt/local --enable-cloog-backend=isl --disable-cloog-version-check --enable-stage1-checking --disable-multilib --enable-lto --enable-libstdcxx-time --with-as=/opt/local/bin/as --with-ld=/opt/local/bin/ld --with-ar=/opt/local/bin/ar --with-bugurl=https://trac.macports.org/newticket --with-pkgversion='MacPorts gcc48 4.8.1_3'
Thread model: posix
gcc version 4.8.1 (MacPorts gcc48 4.8.1_3) 
configure:15062: $? = 0
configure:15051: gfortran-mp-4.8 -V >&5
gfortran-mp-4.8: error: unrecognized command line option '-V'
gfortran-mp-4.8: fatal error: no input files
compilation terminated.
configure:15062: $? = 1
configure:15051: gfortran-mp-4.8 -qversion >&5
gfortran-mp-4.8: error: unrecognized command line option '-qversion'
gfortran-mp-4.8: fatal error: no input files
compilation terminated.
configure:15062: $? = 1
configure:15071: checking whether we are using the GNU Fortran compiler
configure:15084: gfortran-mp-4.8 -c   conftest.F >&5
configure:15084: $? = 0
configure:15093: result: yes
configure:15099: checking whether gfortran-mp-4.8 accepts -g
configure:15110: gfortran-mp-4.8 -c -g  conftest.f >&5
configure:15110: $? = 0
configure:15118: result: yes
configure:15253: checking if libtool supports shared libraries
configure:15255: result: yes
configure:15258: checking whether to build shared libraries
configure:15278: result: yes
configure:15281: checking whether to build static libraries
configure:15285: result: yes
configure:15318: gfortran-mp-4.8 -c -g -O2  conftest.f >&5
configure:15321: $? = 0
configure:15733: checking for gfortran-mp-4.8 option to produce PIC
configure:15740: result: -fno-common
configure:15748: checking if gfortran-mp-4.8 PIC flag -fno-common works
configure:15766: gfortran-mp-4.8 -c -g -O2 -fno-common  conftest.f >&5
configure:15770: $? = 0
configure:15783: result: yes
configure:15806: checking if gfortran-mp-4.8 static flag -static works
configure:15834: result: no
configure:15846: checking if gfortran-mp-4.8 supports -c -o file.o
configure:15867: gfortran-mp-4.8 -c -g -O2 -o out/conftest2.o  conftest.f >&5
configure:15871: $? = 0
configure:15893: result: yes
configure:15898: checking if gfortran-mp-4.8 supports -c -o file.o
configure:15945: result: yes
configure:15975: checking whether the gfortran-mp-4.8 linker (/Applications/Xcode.app/Contents/Developer/Toolchains/XcodeDefault.xctoolchain/usr/bin/ld) supports shared libraries
configure:17083: result: yes
configure:17226: checking dynamic linker characteristics
configure:17890: result: darwin13.0.0 dyld
configure:17943: checking how to hardcode library paths into programs
configure:17968: result: immediate
configure:18005: checking how to get verbose linking output from gfortran-mp-4.8
configure:18015: gfortran-mp-4.8 -c -g -O2  conftest.f >&5
configure:18015: $? = 0
configure:18033: gfortran-mp-4.8 -o conftest -g -O2 -v conftest.f
Using built-in specs.
Target: x86_64-apple-darwin13
Thread model: posix
gcc version 4.8.1 (MacPorts gcc48 4.8.1_3) 
 /opt/local/libexec/gcc/x86_64-apple-darwin13/4.8.1/f951 conftest.f -ffixed-form -fPIC -feliminate-unused-debug-symbols -quiet -dumpbase conftest.f -mmacosx-version-min=10.9.0 -mtune=core2 -auxbase conftest -g -O2 -version -fintrinsic-modules-path /opt/local/lib/gcc48/gcc/x86_64-apple-darwin13/4.8.1/finclude -o /var/folders/7_/q3xtcj8n58xfhpmft9p3z6dh0000gn/T//ccZGNHQC.s
GNU Fortran (MacPorts gcc48 4.8.1_3) version 4.8.1 (x86_64-apple-darwin13)
	compiled by GNU C version 4.8.1, GMP version 5.1.2, MPFR version 3.1.1-p2, MPC version 1.0.1
GGC heuristics: --param ggc-min-expand=100 --param ggc-min-heapsize=131072
GNU Fortran (MacPorts gcc48 4.8.1_3) version 4.8.1 (x86_64-apple-darwin13)
	compiled by GNU C version 4.8.1, GMP version 5.1.2, MPFR version 3.1.1-p2, MPC version 1.0.1
GGC heuristics: --param ggc-min-expand=100 --param ggc-min-heapsize=131072
 /opt/local/bin/as -v -arch x86_64 -force_cpusubtype_ALL -o /var/folders/7_/q3xtcj8n58xfhpmft9p3z6dh0000gn/T//cctbOo8v.o /var/folders/7_/q3xtcj8n58xfhpmft9p3z6dh0000gn/T//ccZGNHQC.s
Apple Inc version cctools-839, GNU assembler version 1.38
Reading specs from /opt/local/lib/gcc48/gcc/x86_64-apple-darwin13/4.8.1/../../../libgfortran.spec
rename spec lib to liborig
 /opt/local/libexec/gcc/x86_64-apple-darwin13/4.8.1/collect2 -dynamic -arch x86_64 -macosx_version_min 10.9.0 -weak_reference_mismatches non-weak -o conftest -L/opt/local/lib/gcc48/gcc/x86_64-apple-darwin13/4.8.1 -L/opt/local/lib/gcc48/gcc/x86_64-apple-darwin13/4.8.1/../../.. /var/folders/7_/q3xtcj8n58xfhpmft9p3z6dh0000gn/T//cctbOo8v.o -lgfortran -no_compact_unwind -lSystem -lgcc_ext.10.5 -lgcc -lquadmath -lm -lgcc_ext.10.5 -lgcc -lSystem -v -idsym -dsym
collect2 version 4.8.1
/opt/local/bin/ld -dynamic -arch x86_64 -macosx_version_min 10.9.0 -weak_reference_mismatches non-weak -o conftest -L/opt/local/lib/gcc48/gcc/x86_64-apple-darwin13/4.8.1 -L/opt/local/lib/gcc48/gcc/x86_64-apple-darwin13/4.8.1/../../.. /var/folders/7_/q3xtcj8n58xfhpmft9p3z6dh0000gn/T//cctbOo8v.o -lgfortran -no_compact_unwind -lSystem -lgcc_ext.10.5 -lgcc -lquadmath -lm -lgcc_ext.10.5 -lgcc -lSystem -v
@(#)PROGRAM:ld  PROJECT:ld64-136
configured to support archs: i386 x86_64 armv7 armv7s
Library search paths:
	/opt/local/lib/gcc48/gcc/x86_64-apple-darwin13/4.8.1
	/opt/local/lib/gcc48
	/usr/lib
	/usr/local/lib
Framework search paths:
	/Library/Frameworks/
	/System/Library/Frameworks/
dsymutil conftest
configure:18099: result: -v
configure:18101: checking for Fortran libraries of gfortran-mp-4.8
configure:18124: gfortran-mp-4.8 -o conftest -g -O2 -v conftest.f
Using built-in specs.
Target: x86_64-apple-darwin13
Thread model: posix
gcc version 4.8.1 (MacPorts gcc48 4.8.1_3) 
 /opt/local/libexec/gcc/x86_64-apple-darwin13/4.8.1/f951 conftest.f -ffixed-form -fPIC -feliminate-unused-debug-symbols -quiet -dumpbase conftest.f -mmacosx-version-min=10.9.0 -mtune=core2 -auxbase conftest -g -O2 -version -fintrinsic-modules-path /opt/local/lib/gcc48/gcc/x86_64-apple-darwin13/4.8.1/finclude -o /var/folders/7_/q3xtcj8n58xfhpmft9p3z6dh0000gn/T//cc3bur79.s
GNU Fortran (MacPorts gcc48 4.8.1_3) version 4.8.1 (x86_64-apple-darwin13)
	compiled by GNU C version 4.8.1, GMP version 5.1.2, MPFR version 3.1.1-p2, MPC version 1.0.1
GGC heuristics: --param ggc-min-expand=100 --param ggc-min-heapsize=131072
GNU Fortran (MacPorts gcc48 4.8.1_3) version 4.8.1 (x86_64-apple-darwin13)
	compiled by GNU C version 4.8.1, GMP version 5.1.2, MPFR version 3.1.1-p2, MPC version 1.0.1
GGC heuristics: --param ggc-min-expand=100 --param ggc-min-heapsize=131072
 /opt/local/bin/as -v -arch x86_64 -force_cpusubtype_ALL -o /var/folders/7_/q3xtcj8n58xfhpmft9p3z6dh0000gn/T//ccFxpCHx.o /var/folders/7_/q3xtcj8n58xfhpmft9p3z6dh0000gn/T//cc3bur79.s
Apple Inc version cctools-839, GNU assembler version 1.38
Reading specs from /opt/local/lib/gcc48/gcc/x86_64-apple-darwin13/4.8.1/../../../libgfortran.spec
rename spec lib to liborig
 /opt/local/libexec/gcc/x86_64-apple-darwin13/4.8.1/collect2 -dynamic -arch x86_64 -macosx_version_min 10.9.0 -weak_reference_mismatches non-weak -o conftest -L/opt/local/lib/gcc48/gcc/x86_64-apple-darwin13/4.8.1 -L/opt/local/lib/gcc48/gcc/x86_64-apple-darwin13/4.8.1/../../.. /var/folders/7_/q3xtcj8n58xfhpmft9p3z6dh0000gn/T//ccFxpCHx.o -lgfortran -no_compact_unwind -lSystem -lgcc_ext.10.5 -lgcc -lquadmath -lm -lgcc_ext.10.5 -lgcc -lSystem -v -idsym -dsym
collect2 version 4.8.1
/opt/local/bin/ld -dynamic -arch x86_64 -macosx_version_min 10.9.0 -weak_reference_mismatches non-weak -o conftest -L/opt/local/lib/gcc48/gcc/x86_64-apple-darwin13/4.8.1 -L/opt/local/lib/gcc48/gcc/x86_64-apple-darwin13/4.8.1/../../.. /var/folders/7_/q3xtcj8n58xfhpmft9p3z6dh0000gn/T//ccFxpCHx.o -lgfortran -no_compact_unwind -lSystem -lgcc_ext.10.5 -lgcc -lquadmath -lm -lgcc_ext.10.5 -lgcc -lSystem -v
@(#)PROGRAM:ld  PROJECT:ld64-136
configured to support archs: i386 x86_64 armv7 armv7s
Library search paths:
	/opt/local/lib/gcc48/gcc/x86_64-apple-darwin13/4.8.1
	/opt/local/lib/gcc48
	/usr/lib
	/usr/local/lib
Framework search paths:
	/Library/Frameworks/
	/System/Library/Frameworks/
dsymutil conftest
configure:18299: result:  -L/opt/local/lib/gcc48/gcc/x86_64-apple-darwin13/4.8.1 -L/opt/local/lib/gcc48/gcc/x86_64-apple-darwin13/4.8.1/../../.. -lgfortran -lquadmath -lm
configure:18315: checking for dummy main to link with Fortran libraries
configure:18349: gcc -o conftest -g -O2   conftest.c   -L/opt/local/lib/gcc48/gcc/x86_64-apple-darwin13/4.8.1 -L/opt/local/lib/gcc48/gcc/x86_64-apple-darwin13/4.8.1/../../.. -lgfortran -lquadmath -lm >&5
configure:18349: $? = 0
configure:18394: result: none
configure:18427: checking for Fortran name-mangling scheme
configure:18440: gfortran-mp-4.8 -c -g -O2  conftest.f >&5
configure:18440: $? = 0
configure:18481: gcc -o conftest -g -O2   conftest.c cfortran_test.o   -L/opt/local/lib/gcc48/gcc/x86_64-apple-darwin13/4.8.1 -L/opt/local/lib/gcc48/gcc/x86_64-apple-darwin13/4.8.1/../../.. -lgfortran -lquadmath -lm >&5
Undefined symbols for architecture x86_64:
  "_foobar", referenced from:
      _main in conftest-iccujg.o
     (maybe you meant: _foobar_)
ld: symbol(s) not found for architecture x86_64
clang: error: linker command failed with exit code 1 (use -v to see invocation)
configure:18481: $? = 1
configure: failed program was:
| /* confdefs.h */
| #define PACKAGE_NAME "FESystem"
| #define PACKAGE_TARNAME "fesystem"
| #define PACKAGE_VERSION "1.0"
| #define PACKAGE_STRING "FESystem 1.0"
| #define PACKAGE_BUGREPORT "manav@u.washington.edu"
| #define PACKAGE_URL ""
| #define PACKAGE "fesystem"
| #define VERSION "1.0"
| #define STDC_HEADERS 1
| #define HAVE_SYS_TYPES_H 1
| #define HAVE_SYS_STAT_H 1
| #define HAVE_STDLIB_H 1
| #define HAVE_STRING_H 1
| #define HAVE_MEMORY_H 1
| #define HAVE_STRINGS_H 1
| #define HAVE_INTTYPES_H 1
| #define HAVE_STDINT_H 1
| #define HAVE_UNISTD_H 1
| #define HAVE_DLFCN_H 1
| #define LT_OBJDIR ".libs/"
| /* end confdefs.h.  */
| 
| /* Override any GCC internal prototype to avoid an error.
|    Use char because int might match the return type of a GCC
|    builtin and then its argument prototype would still apply.  */
| #ifdef __cplusplus
| extern "C"
| #endif
| char foobar ();
| #ifdef FC_DUMMY_MAIN
| #ifndef FC_DUMMY_MAIN_EQ_F77
| #  ifdef __cplusplus
|      extern "C"
| #  endif
|    int FC_DUMMY_MAIN() { return 1; }
| #endif
| #endif
| int
| main ()
| {
| return foobar ();
|   ;
|   return 0;
| }
configure:18481: gcc -o conftest -g -O2   conftest.c cfortran_test.o   -L/opt/local/lib/gcc48/gcc/x86_64-apple-darwin13/4.8.1 -L/opt/local/lib/gcc48/gcc/x86_64-apple-darwin13/4.8.1/../../.. -lgfortran -lquadmath -lm >&5
configure:18481: $? = 0
configure:18539: gcc -o conftest -g -O2   conftest.c cfortran_test.o   -L/opt/local/lib/gcc48/gcc/x86_64-apple-darwin13/4.8.1 -L/opt/local/lib/gcc48/gcc/x86_64-apple-darwin13/4.8.1/../../.. -lgfortran -lquadmath -lm >&5
configure:18539: $? = 0
configure:18581: result: lower case, underscore, no extra underscore
configure:18680: result: 
configure:18682: result: ----------------- creating output --------------- 
configure:18684: result: 
configure:18822: creating ./config.status

## ---------------------- ##
## Running config.status. ##
## ---------------------- ##

This file was extended by FESystem config.status 1.0, which was
generated by GNU Autoconf 2.68.  Invocation command line was

  CONFIG_FILES    = 
  CONFIG_HEADERS  = 
  CONFIG_LINKS    = 
  CONFIG_COMMANDS = 
  $ ./config.status 

on Air.local

config.status:1218: creating Makefile
config.status:1218: creating build/Makefile
config.status:1218: creating contrib/Makefile
config.status:1218: creating contrib/ARPACK/Makefile
config.status:1218: creating src/FESystem/FESystemConfig.h
config.status:1399: src/FESystem/FESystemConfig.h is unchanged
config.status:1447: executing depfiles commands
config.status:1447: executing libtool commands
configure:21646: === configuring in contrib/deal.II (/Users/manav/Documents/codes/FESystemOld/FESystem/contrib/deal.II)
configure:21709: running /bin/sh ./configure --disable-option-checking '--prefix=/usr/local'  'FC=gfortran-mp-4.8' --cache-file=/dev/null --srcdir=.
configure:21646: === configuring in contrib/libmesh (/Users/manav/Documents/codes/FESystemOld/FESystem/contrib/libmesh)
configure:21709: running /bin/sh ./configure --disable-option-checking '--prefix=/usr/local'  'FC=gfortran-mp-4.8' --cache-file=/dev/null --srcdir=.
configure:21714: error: ./configure failed for contrib/libmesh

## ---------------- ##
## Cache variables. ##
## ---------------- ##

ac_cv_build=i686-apple-darwin13.0.0
ac_cv_c_compiler_gnu=yes
ac_cv_cxx_compiler_gnu=yes
ac_cv_env_CCC_set=
ac_cv_env_CCC_value=
ac_cv_env_CC_set=
ac_cv_env_CC_value=
ac_cv_env_CFLAGS_set=
ac_cv_env_CFLAGS_value=
ac_cv_env_CPPFLAGS_set=
ac_cv_env_CPPFLAGS_value=
ac_cv_env_CPP_set=
ac_cv_env_CPP_value=
ac_cv_env_CXXCPP_set=
ac_cv_env_CXXCPP_value=
ac_cv_env_CXXFLAGS_set=
ac_cv_env_CXXFLAGS_value=
ac_cv_env_CXX_set=
ac_cv_env_CXX_value=
ac_cv_env_FCFLAGS_set=
ac_cv_env_FCFLAGS_value=
ac_cv_env_FC_set=set
ac_cv_env_FC_value=gfortran-mp-4.8
ac_cv_env_LDFLAGS_set=
ac_cv_env_LDFLAGS_value=
ac_cv_env_LIBS_set=
ac_cv_env_LIBS_value=
ac_cv_env_build_alias_set=
ac_cv_env_build_alias_value=
ac_cv_env_host_alias_set=
ac_cv_env_host_alias_value=
ac_cv_env_target_alias_set=
ac_cv_env_target_alias_value=
ac_cv_fc_compiler_gnu=yes
ac_cv_fc_dummy_main=none
ac_cv_fc_libs=' -L/opt/local/lib/gcc48/gcc/x86_64-apple-darwin13/4.8.1 -L/opt/local/lib/gcc48/gcc/x86_64-apple-darwin13/4.8.1/../../.. -lgfortran -lquadmath -lm'
ac_cv_fc_mangling='lower case, underscore, no extra underscore'
ac_cv_fortran_dummy_main=none
ac_cv_header_dlfcn_h=yes
ac_cv_header_inttypes_h=yes
ac_cv_header_memory_h=yes
ac_cv_header_stdc=yes
ac_cv_header_stdint_h=yes
ac_cv_header_stdlib_h=yes
ac_cv_header_string_h=yes
ac_cv_header_strings_h=yes
ac_cv_header_sys_stat_h=yes
ac_cv_header_sys_types_h=yes
ac_cv_header_unistd_h=yes
ac_cv_host=i686-apple-darwin13.0.0
ac_cv_objext=o
ac_cv_path_EGREP='/usr/bin/grep -E'
ac_cv_path_FGREP='/usr/bin/grep -F'
ac_cv_path_GREP=/usr/bin/grep
ac_cv_path_SED=/usr/bin/sed
ac_cv_path_install='/usr/bin/install -c'
ac_cv_prog_AWK=gawk
ac_cv_prog_CPP='gcc -E'
ac_cv_prog_CXXCPP='g++ -E'
ac_cv_prog_ac_ct_AR=ar
ac_cv_prog_ac_ct_CC=gcc
ac_cv_prog_ac_ct_CXX=g++
ac_cv_prog_ac_ct_DSYMUTIL=dsymutil
ac_cv_prog_ac_ct_LIPO=lipo
ac_cv_prog_ac_ct_NMEDIT=nmedit
ac_cv_prog_ac_ct_OTOOL=otool
ac_cv_prog_ac_ct_RANLIB=ranlib
ac_cv_prog_ac_ct_STRIP=strip
ac_cv_prog_cc_c89=
ac_cv_prog_cc_g=yes
ac_cv_prog_cxx_g=yes
ac_cv_prog_fc_g=yes
ac_cv_prog_fc_v=-v
ac_cv_prog_make_make_set=yes
am_cv_CC_dependencies_compiler_type=gcc3
am_cv_CXX_dependencies_compiler_type=gcc3
lt_cv_apple_cc_single_mod=yes
lt_cv_ar_at_file=no
lt_cv_deplibs_check_method=pass_all
lt_cv_file_magic_cmd='$MAGIC_CMD'
lt_cv_file_magic_test_file=
lt_cv_ld_exported_symbols_list=yes
lt_cv_ld_force_load=yes
lt_cv_ld_reload_flag=-r
lt_cv_nm_interface='BSD nm'
lt_cv_objdir=.libs
lt_cv_path_LD=/Applications/Xcode.app/Contents/Developer/Toolchains/XcodeDefault.xctoolchain/usr/bin/ld
lt_cv_path_LDCXX=/Applications/Xcode.app/Contents/Developer/Toolchains/XcodeDefault.xctoolchain/usr/bin/ld
lt_cv_path_NM=/usr/bin/nm
lt_cv_path_mainfest_tool=no
lt_cv_prog_compiler_c_o=yes
lt_cv_prog_compiler_c_o_CXX=yes
lt_cv_prog_compiler_c_o_FC=yes
lt_cv_prog_compiler_pic='-fno-common -DPIC'
lt_cv_prog_compiler_pic_CXX='-fno-common -DPIC'
lt_cv_prog_compiler_pic_FC=-fno-common
lt_cv_prog_compiler_pic_works=yes
lt_cv_prog_compiler_pic_works_CXX=yes
lt_cv_prog_compiler_pic_works_FC=yes
lt_cv_prog_compiler_rtti_exceptions=yes
lt_cv_prog_compiler_static_works=no
lt_cv_prog_compiler_static_works_CXX=no
lt_cv_prog_compiler_static_works_FC=no
lt_cv_prog_gnu_ld=no
lt_cv_prog_gnu_ldcxx=no
lt_cv_sharedlib_from_linklib_cmd='printf %s\n'
lt_cv_sys_global_symbol_pipe='sed -n -e '\''s/^.*[	 ]\([BCDEGRST][BCDEGRST]*\)[	 ][	 ]*_\([_A-Za-z][_A-Za-z0-9]*\)$/\1 _\2 \2/p'\'' | sed '\''/ __gnu_lto/d'\'''
lt_cv_sys_global_symbol_to_c_name_address='sed -n -e '\''s/^: \([^ ]*\)[ ]*$/  {\"\1\", (void *) 0},/p'\'' -e '\''s/^[BCDEGRST]* \([^ ]*\) \([^ ]*\)$/  {"\2", (void *) \&\2},/p'\'''
lt_cv_sys_global_symbol_to_c_name_address_lib_prefix='sed -n -e '\''s/^: \([^ ]*\)[ ]*$/  {\"\1\", (void *) 0},/p'\'' -e '\''s/^[BCDEGRST]* \([^ ]*\) \(lib[^ ]*\)$/  {"\2", (void *) \&\2},/p'\'' -e '\''s/^[BCDEGRST]* \([^ ]*\) \([^ ]*\)$/  {"lib\2", (void *) \&\2},/p'\'''
lt_cv_sys_global_symbol_to_cdecl='sed -n -e '\''s/^T .* \(.*\)$/extern int \1();/p'\'' -e '\''s/^[BCDEGRST]* .* \(.*\)$/extern char \1;/p'\'''
lt_cv_sys_max_cmd_len=196608
lt_cv_to_host_file_cmd=func_convert_file_noop
lt_cv_to_tool_file_cmd=func_convert_file_noop

## ----------------- ##
## Output variables. ##
## ----------------- ##

ACLOCAL='${SHELL} /Users/manav/Documents/codes/FESystemOld/FESystem/missing --run aclocal-1.11'
AMDEPBACKSLASH='\'
AMDEP_FALSE='#'
AMDEP_TRUE=''
AMTAR='${SHELL} /Users/manav/Documents/codes/FESystemOld/FESystem/missing --run tar'
AR='ar'
AUTOCONF='${SHELL} /Users/manav/Documents/codes/FESystemOld/FESystem/missing --run autoconf'
AUTOHEADER='${SHELL} /Users/manav/Documents/codes/FESystemOld/FESystem/missing --run autoheader'
AUTOMAKE='${SHELL} /Users/manav/Documents/codes/FESystemOld/FESystem/missing --run automake-1.11'
AWK='gawk'
CC='gcc'
CCDEPMODE='depmode=gcc3'
CFLAGS='-g -O2'
CPP='gcc -E'
CPPFLAGS=''
CXX='g++'
CXXCPP='g++ -E'
CXXDEPMODE='depmode=gcc3'
CXXFLAGS='-g -O2'
CYGPATH_W='echo'
DEFS='-DHAVE_CONFIG_H'
DEPDIR='.deps'
DLLTOOL='false'
DSYMUTIL='dsymutil'
DUMPBIN=''
ECHO_C='\c'
ECHO_N=''
ECHO_T=''
EGREP='/usr/bin/grep -E'
EXEEXT=''
FC='gfortran-mp-4.8'
FCFLAGS='-g -O2'
FCLIBS=' -L/opt/local/lib/gcc48/gcc/x86_64-apple-darwin13/4.8.1 -L/opt/local/lib/gcc48/gcc/x86_64-apple-darwin13/4.8.1/../../.. -lgfortran -lquadmath -lm'
FGREP='/usr/bin/grep -F'
GREP='/usr/bin/grep'
HDF5_DIR=''
INSTALL_DATA='${INSTALL} -m 644'
INSTALL_PROGRAM='${INSTALL}'
INSTALL_SCRIPT='${INSTALL}'
INSTALL_STRIP_PROGRAM='$(install_sh) -c -s'
LD='/Applications/Xcode.app/Contents/Developer/Toolchains/XcodeDefault.xctoolchain/usr/bin/ld'
LDFLAGS=''
LIBMESH_ARCH=''
LIBOBJS=''
LIBS=''
LIBTOOL='$(SHELL) $(top_builddir)/libtool'
LIPO='lipo'
LN_S='ln -s'
LTLIBOBJS=''
MAKEINFO='${SHELL} /Users/manav/Documents/codes/FESystemOld/FESystem/missing --run makeinfo'
MANIFEST_TOOL=':'
MKDIR_P='./install-sh -c -d'
NM='/usr/bin/nm'
NMEDIT='nmedit'
OBJDUMP='false'
OBJEXT='o'
OTOOL64=':'
OTOOL='otool'
PACKAGE='fesystem'
PACKAGE_BUGREPORT='manav@u.washington.edu'
PACKAGE_NAME='FESystem'
PACKAGE_STRING='FESystem 1.0'
PACKAGE_TARNAME='fesystem'
PACKAGE_URL=''
PACKAGE_VERSION='1.0'
PATH_SEPARATOR=':'
PETSC_ARCH=''
PETSC_DIR=''
RANLIB='ranlib'
SED='/usr/bin/sed'
SET_MAKE=''
SHELL='/bin/sh'
SLEPC_DIR=''
STRIP='strip'
VERSION='1.0'
abs_top_srcdir=''
ac_ct_AR='ar'
ac_ct_CC='gcc'
ac_ct_CXX='g++'
ac_ct_DUMPBIN=''
ac_ct_FC=''
am__EXEEXT_FALSE=''
am__EXEEXT_TRUE='#'
am__fastdepCC_FALSE='#'
am__fastdepCC_TRUE=''
am__fastdepCXX_FALSE='#'
am__fastdepCXX_TRUE=''
am__include='include'
am__isrc=''
am__leading_dot='.'
am__quote=''
am__tar='${AMTAR} chof - "$$tardir"'
am__untar='${AMTAR} xf -'
bindir='${exec_prefix}/bin'
build='i686-apple-darwin13.0.0'
build_alias=''
build_cpu='i686'
build_os='darwin13.0.0'
build_vendor='apple'
datadir='${datarootdir}'
datarootdir='${prefix}/share'
docdir='${datarootdir}/doc/${PACKAGE_TARNAME}'
dvidir='${docdir}'
enableshared='yes'
exec_prefix='${prefix}'
host='i686-apple-darwin13.0.0'
host_alias=''
host_cpu='i686'
host_os='darwin13.0.0'
host_vendor='apple'
htmldir='${docdir}'
includedir='${prefix}/include'
infodir='${datarootdir}/info'
install_sh='${SHELL} /Users/manav/Documents/codes/FESystemOld/FESystem/install-sh'
libdir='${exec_prefix}/lib'
libexecdir='${exec_prefix}/libexec'
localedir='${datarootdir}/locale'
localstatedir='${prefix}/var'
mandir='${datarootdir}/man'
mkdir_p='$(top_builddir)/./install-sh -c -d'
oldincludedir='/usr/include'
pdfdir='${docdir}'
prefix='/usr/local'
program_transform_name='s,x,x,'
psdir='${docdir}'
sbindir='${exec_prefix}/sbin'
sharedstatedir='${prefix}/com'
subdirs=' contrib/deal.II contrib/libmesh'
sysconfdir='${prefix}/etc'
target_alias=''

configure: exit 1
